<?xml version="1.0" encoding="UTF-8"?>
<testng-results ignored="0" total="4" passed="4" failed="0" skipped="0">
  <reporter-output>
    <line>
      <![CDATA[<div "result">i open browser with url &quot;http:&#x2F;&#x2F;orangehrm.qedgetech.com&quot; (PASSED : 3s)</div>]]>
    </line>
    <line>
      <![CDATA[<div "result">i enter username as &quot;Admin&quot; (PASSED : 0s)</div>]]>
    </line>
    <line>
      <![CDATA[<div "result">i enter password as &quot;Qedge123!@#&quot; (PASSED : 0s)</div>]]>
    </line>
    <line>
      <![CDATA[<div "result">i click login button (PASSED : 1s)</div>]]>
    </line>
    <line>
      <![CDATA[<div "result">i click Admin button (PASSED : 0s)</div>]]>
    </line>
    <line>
      <![CDATA[<div "result">i click job link (PASSED : 0s)</div>]]>
    </line>
    <line>
      <![CDATA[<div "result">i click jobtitle button (PASSED : 0s)</div>]]>
    </line>
    <line>
      <![CDATA[<div "result">i click Add button (PASSED : 0s)</div>]]>
    </line>
    <line>
      <![CDATA[<div "result">i enter job title as &quot;sales&quot; and i enter job Description as &quot;Salesdesc&quot; and i enter job note as &quot;job record created&quot; (PASSED : 0s)</div>]]>
    </line>
    <line>
      <![CDATA[<div "result">i click save button (PASSED : 0s)</div>]]>
    </line>
    <line>
      <![CDATA[<div "result">i click logout (PASSED : 3s)</div>]]>
    </line>
    <line>
      <![CDATA[<div "result">i close Browser (PASSED : 0s)</div>]]>
    </line>
    <line>
      <![CDATA[<div "result">i open browser with url &quot;http:&#x2F;&#x2F;orangehrm.qedgetech.com&quot; (PASSED : 2s)</div>]]>
    </line>
    <line>
      <![CDATA[<div "result">i enter username as &quot;Admin&quot; (PASSED : 0s)</div>]]>
    </line>
    <line>
      <![CDATA[<div "result">i enter password as &quot;Qedge123!@#&quot; (PASSED : 0s)</div>]]>
    </line>
    <line>
      <![CDATA[<div "result">i click login button (PASSED : 1s)</div>]]>
    </line>
    <line>
      <![CDATA[<div "result">i click Admin button (PASSED : 0s)</div>]]>
    </line>
    <line>
      <![CDATA[<div "result">i click job link (PASSED : 0s)</div>]]>
    </line>
    <line>
      <![CDATA[<div "result">i click jobtitle button (PASSED : 0s)</div>]]>
    </line>
    <line>
      <![CDATA[<div "result">i click Add button (PASSED : 0s)</div>]]>
    </line>
    <line>
      <![CDATA[<div "result">i enter &quot;Sales1&quot; and i enter &quot;Sales1&quot; and i enter &quot;Sales1 created&quot; (PASSED : 0s)</div>]]>
    </line>
    <line>
      <![CDATA[<div "result">i click save button (PASSED : 0s)</div>]]>
    </line>
    <line>
      <![CDATA[<div "result">i click logout (PASSED : 3s)</div>]]>
    </line>
    <line>
      <![CDATA[<div "result">i close Browser (PASSED : 0s)</div>]]>
    </line>
    <line>
      <![CDATA[<div "result">i open browser with url &quot;http:&#x2F;&#x2F;orangehrm.qedgetech.com&quot; (PASSED : 2s)</div>]]>
    </line>
    <line>
      <![CDATA[<div "result">i enter username as &quot;Admin&quot; (PASSED : 0s)</div>]]>
    </line>
    <line>
      <![CDATA[<div "result">i enter password as &quot;Qedge123!@#&quot; (PASSED : 0s)</div>]]>
    </line>
    <line>
      <![CDATA[<div "result">i click login button (PASSED : 1s)</div>]]>
    </line>
    <line>
      <![CDATA[<div "result">i click Admin button (PASSED : 1s)</div>]]>
    </line>
    <line>
      <![CDATA[<div "result">i click job link (PASSED : 0s)</div>]]>
    </line>
    <line>
      <![CDATA[<div "result">i click jobtitle button (PASSED : 0s)</div>]]>
    </line>
    <line>
      <![CDATA[<div "result">i click Add button (PASSED : 0s)</div>]]>
    </line>
    <line>
      <![CDATA[<div "result">i enter &quot;Sales2&quot; and i enter &quot;Sales2&quot; and i enter &quot;Sales2 created&quot; (PASSED : 0s)</div>]]>
    </line>
    <line>
      <![CDATA[<div "result">i click save button (PASSED : 1s)</div>]]>
    </line>
    <line>
      <![CDATA[<div "result">i click logout (PASSED : 3s)</div>]]>
    </line>
    <line>
      <![CDATA[<div "result">i close Browser (PASSED : 0s)</div>]]>
    </line>
    <line>
      <![CDATA[<div "result">i open browser with url &quot;http:&#x2F;&#x2F;orangehrm.qedgetech.com&quot; (PASSED : 2s)</div>]]>
    </line>
    <line>
      <![CDATA[<div "result">i enter username as &quot;Admin&quot; (PASSED : 0s)</div>]]>
    </line>
    <line>
      <![CDATA[<div "result">i enter password as &quot;Qedge123!@#&quot; (PASSED : 0s)</div>]]>
    </line>
    <line>
      <![CDATA[<div "result">i click login button (PASSED : 1s)</div>]]>
    </line>
    <line>
      <![CDATA[<div "result">i click Admin button (PASSED : 0s)</div>]]>
    </line>
    <line>
      <![CDATA[<div "result">i click job link (PASSED : 0s)</div>]]>
    </line>
    <line>
      <![CDATA[<div "result">i click jobtitle button (PASSED : 0s)</div>]]>
    </line>
    <line>
      <![CDATA[<div "result">i click Add button (PASSED : 0s)</div>]]>
    </line>
    <line>
      <![CDATA[<div "result">i enter &quot;Sales3&quot; and i enter &quot;Sales3&quot; and i enter &quot;Sales3 created&quot; (PASSED : 0s)</div>]]>
    </line>
    <line>
      <![CDATA[<div "result">i click save button (PASSED : 0s)</div>]]>
    </line>
    <line>
      <![CDATA[<div "result">i click logout (PASSED : 3s)</div>]]>
    </line>
    <line>
      <![CDATA[<div "result">i close Browser (PASSED : 0s)</div>]]>
    </line>
  </reporter-output>
  <suite started-at="2024-08-26T22:09:36 IST" name="Default suite" finished-at="2024-08-26T22:10:19 IST" duration-ms="42391">
    <groups>
      <group name="cucumber">
        <method signature="AbstractTestNGCucumberTests.runScenario(cucumber.api.testng.PickleEventWrapper,cucumber.api.testng.CucumberFeatureWrapper)[pri:0, instance:testRunner.Runner@7ce69770]" name="runScenario" class="cucumber.api.testng.AbstractTestNGCucumberTests"/>
      </group> <!-- cucumber -->
    </groups>
    <test started-at="2024-08-26T22:09:36 IST" name="Default test" finished-at="2024-08-26T22:10:19 IST" duration-ms="42391">
      <class name="testRunner.Runner">
        <test-method is-config="true" signature="setUpClass()[pri:0, instance:testRunner.Runner@7ce69770]" started-at="2024-08-26T22:09:36 IST" name="setUpClass" finished-at="2024-08-26T22:09:37 IST" duration-ms="177" status="PASS">
          <reporter-output>
          </reporter-output>
        </test-method> <!-- setUpClass -->
        <test-method signature="runScenario(cucumber.api.testng.PickleEventWrapper,cucumber.api.testng.CucumberFeatureWrapper)[pri:0, instance:testRunner.Runner@7ce69770]" started-at="2024-08-26T22:09:37 IST" name="runScenario" description="Runs Cucumber Scenarios" data-provider="scenarios" finished-at="2024-08-26T22:09:47 IST" duration-ms="10423" status="PASS">
          <params>
            <param index="0">
              <value>
                <![CDATA["Check Admin Login with valid data"]]>
              </value>
            </param>
            <param index="1">
              <value>
                <![CDATA["Admin Login"]]>
              </value>
            </param>
          </params>
          <reporter-output>
            <line>
              <![CDATA[<div "result">i open browser with url &quot;http:&#x2F;&#x2F;orangehrm.qedgetech.com&quot; (PASSED : 3s)</div>]]>
            </line>
            <line>
              <![CDATA[<div "result">i enter username as &quot;Admin&quot; (PASSED : 0s)</div>]]>
            </line>
            <line>
              <![CDATA[<div "result">i enter password as &quot;Qedge123!@#&quot; (PASSED : 0s)</div>]]>
            </line>
            <line>
              <![CDATA[<div "result">i click login button (PASSED : 1s)</div>]]>
            </line>
            <line>
              <![CDATA[<div "result">i click Admin button (PASSED : 0s)</div>]]>
            </line>
            <line>
              <![CDATA[<div "result">i click job link (PASSED : 0s)</div>]]>
            </line>
            <line>
              <![CDATA[<div "result">i click jobtitle button (PASSED : 0s)</div>]]>
            </line>
            <line>
              <![CDATA[<div "result">i click Add button (PASSED : 0s)</div>]]>
            </line>
            <line>
              <![CDATA[<div "result">i enter job title as &quot;sales&quot; and i enter job Description as &quot;Salesdesc&quot; and i enter job note as &quot;job record created&quot; (PASSED : 0s)</div>]]>
            </line>
            <line>
              <![CDATA[<div "result">i click save button (PASSED : 0s)</div>]]>
            </line>
            <line>
              <![CDATA[<div "result">i click logout (PASSED : 3s)</div>]]>
            </line>
            <line>
              <![CDATA[<div "result">i close Browser (PASSED : 0s)</div>]]>
            </line>
          </reporter-output>
        </test-method> <!-- runScenario -->
        <test-method signature="runScenario(cucumber.api.testng.PickleEventWrapper,cucumber.api.testng.CucumberFeatureWrapper)[pri:0, instance:testRunner.Runner@7ce69770]" started-at="2024-08-26T22:09:47 IST" name="runScenario" description="Runs Cucumber Scenarios" data-provider="scenarios" finished-at="2024-08-26T22:09:57 IST" duration-ms="9943" status="PASS">
          <params>
            <param index="0">
              <value>
                <![CDATA["create multiple job records"]]>
              </value>
            </param>
            <param index="1">
              <value>
                <![CDATA["Admin Login"]]>
              </value>
            </param>
          </params>
          <reporter-output>
            <line>
              <![CDATA[<div "result">i open browser with url &quot;http:&#x2F;&#x2F;orangehrm.qedgetech.com&quot; (PASSED : 2s)</div>]]>
            </line>
            <line>
              <![CDATA[<div "result">i enter username as &quot;Admin&quot; (PASSED : 0s)</div>]]>
            </line>
            <line>
              <![CDATA[<div "result">i enter password as &quot;Qedge123!@#&quot; (PASSED : 0s)</div>]]>
            </line>
            <line>
              <![CDATA[<div "result">i click login button (PASSED : 1s)</div>]]>
            </line>
            <line>
              <![CDATA[<div "result">i click Admin button (PASSED : 0s)</div>]]>
            </line>
            <line>
              <![CDATA[<div "result">i click job link (PASSED : 0s)</div>]]>
            </line>
            <line>
              <![CDATA[<div "result">i click jobtitle button (PASSED : 0s)</div>]]>
            </line>
            <line>
              <![CDATA[<div "result">i click Add button (PASSED : 0s)</div>]]>
            </line>
            <line>
              <![CDATA[<div "result">i enter &quot;Sales1&quot; and i enter &quot;Sales1&quot; and i enter &quot;Sales1 created&quot; (PASSED : 0s)</div>]]>
            </line>
            <line>
              <![CDATA[<div "result">i click save button (PASSED : 0s)</div>]]>
            </line>
            <line>
              <![CDATA[<div "result">i click logout (PASSED : 3s)</div>]]>
            </line>
            <line>
              <![CDATA[<div "result">i close Browser (PASSED : 0s)</div>]]>
            </line>
          </reporter-output>
        </test-method> <!-- runScenario -->
        <test-method signature="runScenario(cucumber.api.testng.PickleEventWrapper,cucumber.api.testng.CucumberFeatureWrapper)[pri:0, instance:testRunner.Runner@7ce69770]" started-at="2024-08-26T22:09:57 IST" name="runScenario" description="Runs Cucumber Scenarios" data-provider="scenarios" finished-at="2024-08-26T22:10:09 IST" duration-ms="11566" status="PASS">
          <params>
            <param index="0">
              <value>
                <![CDATA["create multiple job records"]]>
              </value>
            </param>
            <param index="1">
              <value>
                <![CDATA["Admin Login"]]>
              </value>
            </param>
          </params>
          <reporter-output>
            <line>
              <![CDATA[<div "result">i open browser with url &quot;http:&#x2F;&#x2F;orangehrm.qedgetech.com&quot; (PASSED : 2s)</div>]]>
            </line>
            <line>
              <![CDATA[<div "result">i enter username as &quot;Admin&quot; (PASSED : 0s)</div>]]>
            </line>
            <line>
              <![CDATA[<div "result">i enter password as &quot;Qedge123!@#&quot; (PASSED : 0s)</div>]]>
            </line>
            <line>
              <![CDATA[<div "result">i click login button (PASSED : 1s)</div>]]>
            </line>
            <line>
              <![CDATA[<div "result">i click Admin button (PASSED : 1s)</div>]]>
            </line>
            <line>
              <![CDATA[<div "result">i click job link (PASSED : 0s)</div>]]>
            </line>
            <line>
              <![CDATA[<div "result">i click jobtitle button (PASSED : 0s)</div>]]>
            </line>
            <line>
              <![CDATA[<div "result">i click Add button (PASSED : 0s)</div>]]>
            </line>
            <line>
              <![CDATA[<div "result">i enter &quot;Sales2&quot; and i enter &quot;Sales2&quot; and i enter &quot;Sales2 created&quot; (PASSED : 0s)</div>]]>
            </line>
            <line>
              <![CDATA[<div "result">i click save button (PASSED : 1s)</div>]]>
            </line>
            <line>
              <![CDATA[<div "result">i click logout (PASSED : 3s)</div>]]>
            </line>
            <line>
              <![CDATA[<div "result">i close Browser (PASSED : 0s)</div>]]>
            </line>
          </reporter-output>
        </test-method> <!-- runScenario -->
        <test-method signature="runScenario(cucumber.api.testng.PickleEventWrapper,cucumber.api.testng.CucumberFeatureWrapper)[pri:0, instance:testRunner.Runner@7ce69770]" started-at="2024-08-26T22:10:09 IST" name="runScenario" description="Runs Cucumber Scenarios" data-provider="scenarios" finished-at="2024-08-26T22:10:19 IST" duration-ms="10144" status="PASS">
          <params>
            <param index="0">
              <value>
                <![CDATA["create multiple job records"]]>
              </value>
            </param>
            <param index="1">
              <value>
                <![CDATA["Admin Login"]]>
              </value>
            </param>
          </params>
          <reporter-output>
            <line>
              <![CDATA[<div "result">i open browser with url &quot;http:&#x2F;&#x2F;orangehrm.qedgetech.com&quot; (PASSED : 2s)</div>]]>
            </line>
            <line>
              <![CDATA[<div "result">i enter username as &quot;Admin&quot; (PASSED : 0s)</div>]]>
            </line>
            <line>
              <![CDATA[<div "result">i enter password as &quot;Qedge123!@#&quot; (PASSED : 0s)</div>]]>
            </line>
            <line>
              <![CDATA[<div "result">i click login button (PASSED : 1s)</div>]]>
            </line>
            <line>
              <![CDATA[<div "result">i click Admin button (PASSED : 0s)</div>]]>
            </line>
            <line>
              <![CDATA[<div "result">i click job link (PASSED : 0s)</div>]]>
            </line>
            <line>
              <![CDATA[<div "result">i click jobtitle button (PASSED : 0s)</div>]]>
            </line>
            <line>
              <![CDATA[<div "result">i click Add button (PASSED : 0s)</div>]]>
            </line>
            <line>
              <![CDATA[<div "result">i enter &quot;Sales3&quot; and i enter &quot;Sales3&quot; and i enter &quot;Sales3 created&quot; (PASSED : 0s)</div>]]>
            </line>
            <line>
              <![CDATA[<div "result">i click save button (PASSED : 0s)</div>]]>
            </line>
            <line>
              <![CDATA[<div "result">i click logout (PASSED : 3s)</div>]]>
            </line>
            <line>
              <![CDATA[<div "result">i close Browser (PASSED : 0s)</div>]]>
            </line>
          </reporter-output>
        </test-method> <!-- runScenario -->
        <test-method is-config="true" signature="tearDownClass()[pri:0, instance:testRunner.Runner@7ce69770]" started-at="2024-08-26T22:10:19 IST" name="tearDownClass" finished-at="2024-08-26T22:10:19 IST" duration-ms="16" status="PASS">
          <reporter-output>
          </reporter-output>
        </test-method> <!-- tearDownClass -->
      </class> <!-- testRunner.Runner -->
    </test> <!-- Default test -->
  </suite> <!-- Default suite -->
</testng-results>
