<?xml version="1.0" encoding="UTF-8"?>
<testng-results ignored="0" total="1" passed="1" failed="0" skipped="0">
  <reporter-output>
    <line>
      <![CDATA[<div "result">user launch chrome browser (PASSED : 1s)</div>]]>
    </line>
    <line>
      <![CDATA[<div "result">user opens url &quot;http:&#x2F;&#x2F;orangehrm.qedgetech.com&quot; (PASSED : 1s)</div>]]>
    </line>
    <line>
      <![CDATA[<div "result">login into application with below credentials (PASSED : 1s)</div>]]>
    </line>
    <line>
      <![CDATA[<div "result">created skills record (PASSED : 4s)</div>]]>
    </line>
    <line>
      <![CDATA[<div "result">i logout the application (PASSED : 3s)</div>]]>
    </line>
    <line>
      <![CDATA[<div "result">i close the browser (PASSED : 0s)</div>]]>
    </line>
  </reporter-output>
  <suite started-at="2024-08-28T23:28:38 IST" name="Default suite" finished-at="2024-08-28T23:28:51 IST" duration-ms="13114">
    <groups>
      <group name="cucumber">
        <method signature="AbstractTestNGCucumberTests.runScenario(cucumber.api.testng.PickleEventWrapper,cucumber.api.testng.CucumberFeatureWrapper)[pri:0, instance:testRunner.Runner@7ce69770]" name="runScenario" class="cucumber.api.testng.AbstractTestNGCucumberTests"/>
      </group> <!-- cucumber -->
    </groups>
    <test started-at="2024-08-28T23:28:38 IST" name="Default test" finished-at="2024-08-28T23:28:51 IST" duration-ms="13114">
      <class name="testRunner.Runner">
        <test-method is-config="true" signature="setUpClass()[pri:0, instance:testRunner.Runner@7ce69770]" started-at="2024-08-28T23:28:38 IST" name="setUpClass" finished-at="2024-08-28T23:28:38 IST" duration-ms="169" status="PASS">
          <reporter-output>
          </reporter-output>
        </test-method> <!-- setUpClass -->
        <test-method signature="runScenario(cucumber.api.testng.PickleEventWrapper,cucumber.api.testng.CucumberFeatureWrapper)[pri:0, instance:testRunner.Runner@7ce69770]" started-at="2024-08-28T23:28:38 IST" name="runScenario" description="Runs Cucumber Scenarios" data-provider="scenarios" finished-at="2024-08-28T23:28:51 IST" duration-ms="12817" status="PASS">
          <params>
            <param index="0">
              <value>
                <![CDATA["Create Skills Record"]]>
              </value>
            </param>
            <param index="1">
              <value>
                <![CDATA["Admin login and Create Skills Records"]]>
              </value>
            </param>
          </params>
          <reporter-output>
            <line>
              <![CDATA[<div "result">user launch chrome browser (PASSED : 1s)</div>]]>
            </line>
            <line>
              <![CDATA[<div "result">user opens url &quot;http:&#x2F;&#x2F;orangehrm.qedgetech.com&quot; (PASSED : 1s)</div>]]>
            </line>
            <line>
              <![CDATA[<div "result">login into application with below credentials (PASSED : 1s)</div>]]>
            </line>
            <line>
              <![CDATA[<div "result">created skills record (PASSED : 4s)</div>]]>
            </line>
            <line>
              <![CDATA[<div "result">i logout the application (PASSED : 3s)</div>]]>
            </line>
            <line>
              <![CDATA[<div "result">i close the browser (PASSED : 0s)</div>]]>
            </line>
          </reporter-output>
        </test-method> <!-- runScenario -->
        <test-method is-config="true" signature="tearDownClass()[pri:0, instance:testRunner.Runner@7ce69770]" started-at="2024-08-28T23:28:51 IST" name="tearDownClass" finished-at="2024-08-28T23:28:51 IST" duration-ms="16" status="PASS">
          <reporter-output>
          </reporter-output>
        </test-method> <!-- tearDownClass -->
      </class> <!-- testRunner.Runner -->
    </test> <!-- Default test -->
  </suite> <!-- Default suite -->
</testng-results>
